[html.vecurosoft.com/Jiwan Ram Basherhar Lal Sr. Sec. Public School/demo/index.html]
[backblue.gif]
[fade.gif]
[index.html]
[html.vecurosoft.com/Jiwan Ram Basherhar Lal Sr. Sec. Public School/demo/assets/img/favicons/apple-icon-57x57.png]
[html.vecurosoft.com/Jiwan Ram Basherhar Lal Sr. Sec. Public School/demo/assets/img/favicons/apple-icon-60x60.png]
[html.vecurosoft.com/Jiwan Ram Basherhar Lal Sr. Sec. Public School/demo/assets/img/favicons/apple-icon-72x72.png]
[html.vecurosoft.com/Jiwan Ram Basherhar Lal Sr. Sec. Public School/demo/assets/img/favicons/apple-icon-76x76.png]
[html.vecurosoft.com/Jiwan Ram Basherhar Lal Sr. Sec. Public School/demo/assets/img/favicons/apple-icon-114x114.png]
[html.vecurosoft.com/Jiwan Ram Basherhar Lal Sr. Sec. Public School/demo/assets/img/favicons/apple-icon-120x120.png]
[html.vecurosoft.com/Jiwan Ram Basherhar Lal Sr. Sec. Public School/demo/assets/img/favicons/apple-icon-144x144.png]
[html.vecurosoft.com/Jiwan Ram Basherhar Lal Sr. Sec. Public School/demo/assets/img/favicons/apple-icon-152x152.png]
[html.vecurosoft.com/Jiwan Ram Basherhar Lal Sr. Sec. Public School/demo/assets/img/favicons/apple-icon-180x180.png]
[html.vecurosoft.com/Jiwan Ram Basherhar Lal Sr. Sec. Public School/demo/assets/img/favicons/favicon-32x32.png]
[html.vecurosoft.com/Jiwan Ram Basherhar Lal Sr. Sec. Public School/demo/assets/img/favicons/favicon-96x96.png]
[html.vecurosoft.com/Jiwan Ram Basherhar Lal Sr. Sec. Public School/demo/assets/img/favicons/favicon-16x16.png]
[html.vecurosoft.com/Jiwan Ram Basherhar Lal Sr. Sec. Public School/demo/assets/img/favicons/manifest.json]
[html.vecurosoft.com/Jiwan Ram Basherhar Lal Sr. Sec. Public School/demo/assets/img/favicons/ms-icon-144x144.png]
[html.vecurosoft.com/Jiwan Ram Basherhar Lal Sr. Sec. Public School/demo/assets/css/bootstrap.min.css]
[html.vecurosoft.com/Jiwan Ram Basherhar Lal Sr. Sec. Public School/demo/assets/css/magnific-popup.min.css]
[html.vecurosoft.com/Jiwan Ram Basherhar Lal Sr. Sec. Public School/demo/assets/css/fontawesome.min.css]
[html.vecurosoft.com/Jiwan Ram Basherhar Lal Sr. Sec. Public School/demo/assets/css/swiper-bundle.css]
[html.vecurosoft.com/Jiwan Ram Basherhar Lal Sr. Sec. Public School/demo/assets/css/animate.min.css]
[html.vecurosoft.com/Jiwan Ram Basherhar Lal Sr. Sec. Public School/demo/assets/css/style.css]
[html.vecurosoft.com/Jiwan Ram Basherhar Lal Sr. Sec. Public School/demo/index-2.html]
[html.vecurosoft.com/Jiwan Ram Basherhar Lal Sr. Sec. Public School/demo/index-3.html]
[html.vecurosoft.com/Jiwan Ram Basherhar Lal Sr. Sec. Public School/demo/index-4.html]
[html.vecurosoft.com/Jiwan Ram Basherhar Lal Sr. Sec. Public School/demo/index-5.html]
[html.vecurosoft.com/Jiwan Ram Basherhar Lal Sr. Sec. Public School/demo/index-6.html]
[html.vecurosoft.com/Jiwan Ram Basherhar Lal Sr. Sec. Public School/demo/index-7.html]
[html.vecurosoft.com/Jiwan Ram Basherhar Lal Sr. Sec. Public School/demo/index-8.html]
[html.vecurosoft.com/Jiwan Ram Basherhar Lal Sr. Sec. Public School/demo/index-9.html]
[html.vecurosoft.com/Jiwan Ram Basherhar Lal Sr. Sec. Public School/demo/about.html]
[html.vecurosoft.com/Jiwan Ram Basherhar Lal Sr. Sec. Public School/demo/why-choose-us.html]
[html.vecurosoft.com/Jiwan Ram Basherhar Lal Sr. Sec. Public School/demo/service-details.html]
[html.vecurosoft.com/Jiwan Ram Basherhar Lal Sr. Sec. Public School/demo/gallery.html]
[html.vecurosoft.com/Jiwan Ram Basherhar Lal Sr. Sec. Public School/demo/team.html]
[html.vecurosoft.com/Jiwan Ram Basherhar Lal Sr. Sec. Public School/demo/team-details.html]
[html.vecurosoft.com/Jiwan Ram Basherhar Lal Sr. Sec. Public School/demo/class.html]
[html.vecurosoft.com/Jiwan Ram Basherhar Lal Sr. Sec. Public School/demo/class-details.html]
[html.vecurosoft.com/Jiwan Ram Basherhar Lal Sr. Sec. Public School/demo/blog.html]
[html.vecurosoft.com/Jiwan Ram Basherhar Lal Sr. Sec. Public School/demo/blog-details.html]
[html.vecurosoft.com/Jiwan Ram Basherhar Lal Sr. Sec. Public School/demo/events.html]
[html.vecurosoft.com/Jiwan Ram Basherhar Lal Sr. Sec. Public School/demo/event-details.html]
[html.vecurosoft.com/Jiwan Ram Basherhar Lal Sr. Sec. Public School/demo/registration.html]
[html.vecurosoft.com/Jiwan Ram Basherhar Lal Sr. Sec. Public School/demo/shop.html]
[html.vecurosoft.com/Jiwan Ram Basherhar Lal Sr. Sec. Public School/demo/shop-details.html]
[html.vecurosoft.com/Jiwan Ram Basherhar Lal Sr. Sec. Public School/demo/auth.html]
[html.vecurosoft.com/Jiwan Ram Basherhar Lal Sr. Sec. Public School/demo/myaccount.html]
[html.vecurosoft.com/Jiwan Ram Basherhar Lal Sr. Sec. Public School/demo/cart.html]
[html.vecurosoft.com/Jiwan Ram Basherhar Lal Sr. Sec. Public School/demo/checkout.html]
[html.vecurosoft.com/Jiwan Ram Basherhar Lal Sr. Sec. Public School/demo/wishlist.html]
[html.vecurosoft.com/Jiwan Ram Basherhar Lal Sr. Sec. Public School/demo/coming-soon.html]
[html.vecurosoft.com/Jiwan Ram Basherhar Lal Sr. Sec. Public School/demo/contact.html]
[html.vecurosoft.com/Jiwan Ram Basherhar Lal Sr. Sec. Public School/demo/404.html]
[html.vecurosoft.com/Jiwan Ram Basherhar Lal Sr. Sec. Public School/demo/shop-right-sidebar.html]
[html.vecurosoft.com/Jiwan Ram Basherhar Lal Sr. Sec. Public School/demo/shop-full.html]
[html.vecurosoft.com/Jiwan Ram Basherhar Lal Sr. Sec. Public School/demo/assets/img/shop/shop-sidebar-1-1.png]
[html.vecurosoft.com/Jiwan Ram Basherhar Lal Sr. Sec. Public School/demo/assets/img/shop/shop-sidebar-1-2.png]
[html.vecurosoft.com/Jiwan Ram Basherhar Lal Sr. Sec. Public School/demo/assets/img/shop/shop-sidebar-1-3.png]
[html.vecurosoft.com/Jiwan Ram Basherhar Lal Sr. Sec. Public School/demo/assets/img/widget/gal-1-1.jpg]
[html.vecurosoft.com/Jiwan Ram Basherhar Lal Sr. Sec. Public School/demo/assets/img/widget/gal-1-1-big.jpg]
[html.vecurosoft.com/Jiwan Ram Basherhar Lal Sr. Sec. Public School/demo/assets/img/widget/gal-1-2.jpg]
[html.vecurosoft.com/Jiwan Ram Basherhar Lal Sr. Sec. Public School/demo/assets/img/widget/gal-1-2-big.jpg]
[html.vecurosoft.com/Jiwan Ram Basherhar Lal Sr. Sec. Public School/demo/assets/img/widget/gal-1-3.jpg]
[html.vecurosoft.com/Jiwan Ram Basherhar Lal Sr. Sec. Public School/demo/assets/img/widget/gal-1-3-big.jpg]
[html.vecurosoft.com/Jiwan Ram Basherhar Lal Sr. Sec. Public School/demo/assets/img/widget/gal-1-4.jpg]
[html.vecurosoft.com/Jiwan Ram Basherhar Lal Sr. Sec. Public School/demo/assets/img/widget/gal-1-4-big.jpg]
[html.vecurosoft.com/Jiwan Ram Basherhar Lal Sr. Sec. Public School/demo/assets/img/widget/gal-1-5.jpg]
[html.vecurosoft.com/Jiwan Ram Basherhar Lal Sr. Sec. Public School/demo/assets/img/widget/gal-1-5-big.jpg]
[html.vecurosoft.com/Jiwan Ram Basherhar Lal Sr. Sec. Public School/demo/assets/img/widget/gal-1-6.jpg]
[html.vecurosoft.com/Jiwan Ram Basherhar Lal Sr. Sec. Public School/demo/assets/img/widget/gal-1-6-big.jpg]
[html.vecurosoft.com/Jiwan Ram Basherhar Lal Sr. Sec. Public School/demo/assets/img/hero/banner-1-1.jpg]
[html.vecurosoft.com/Jiwan Ram Basherhar Lal Sr. Sec. Public School/demo/assets/img/hero/hero-character-1.png]
[html.vecurosoft.com/Jiwan Ram Basherhar Lal Sr. Sec. Public School/demo/assets/img/hero/banner-1-2.jpg]
[html.vecurosoft.com/Jiwan Ram Basherhar Lal Sr. Sec. Public School/demo/assets/img/service/service-bg.png]
[html.vecurosoft.com/Jiwan Ram Basherhar Lal Sr. Sec. Public School/demo/assets/img/service/s-1-1.jpg]
[html.vecurosoft.com/Jiwan Ram Basherhar Lal Sr. Sec. Public School/demo/assets/img/service/s-1-2.jpg]
[html.vecurosoft.com/Jiwan Ram Basherhar Lal Sr. Sec. Public School/demo/assets/img/service/s-1-3.jpg]
[html.vecurosoft.com/Jiwan Ram Basherhar Lal Sr. Sec. Public School/demo/assets/img/service/s-1-4.jpg]
[html.vecurosoft.com/Jiwan Ram Basherhar Lal Sr. Sec. Public School/demo/assets/img/about/vs-about-h1-bg.png]
[html.vecurosoft.com/Jiwan Ram Basherhar Lal Sr. Sec. Public School/demo/assets/img/about/vs-about-h1-ele-4.png]
[html.vecurosoft.com/Jiwan Ram Basherhar Lal Sr. Sec. Public School/demo/assets/img/about/vs-about-h1-1.jpg]
[html.vecurosoft.com/Jiwan Ram Basherhar Lal Sr. Sec. Public School/demo/assets/img/about/vs-about-h1-2.jpg]
[html.vecurosoft.com/Jiwan Ram Basherhar Lal Sr. Sec. Public School/demo/assets/img/session/session-bg.png]
[html.vecurosoft.com/Jiwan Ram Basherhar Lal Sr. Sec. Public School/demo/assets/img/session/session-ele-1.png]
[html.vecurosoft.com/Jiwan Ram Basherhar Lal Sr. Sec. Public School/demo/assets/img/session/session-ele-2.png]
[html.vecurosoft.com/Jiwan Ram Basherhar Lal Sr. Sec. Public School/demo/assets/img/elements/session-main-block.png]
[html.vecurosoft.com/Jiwan Ram Basherhar Lal Sr. Sec. Public School/demo/assets/img/gallery/gallery-h1-1-1.jpg]
[html.vecurosoft.com/Jiwan Ram Basherhar Lal Sr. Sec. Public School/demo/assets/img/gallery/gallery-h1-1-2.jpg]
[html.vecurosoft.com/Jiwan Ram Basherhar Lal Sr. Sec. Public School/demo/assets/img/gallery/gallery-h1-1-3.jpg]
[html.vecurosoft.com/Jiwan Ram Basherhar Lal Sr. Sec. Public School/demo/assets/img/gallery/gallery-h1-1-4.jpg]
[html.vecurosoft.com/Jiwan Ram Basherhar Lal Sr. Sec. Public School/demo/assets/img/bg/program-bg.png]
[html.vecurosoft.com/Jiwan Ram Basherhar Lal Sr. Sec. Public School/demo/assets/img/pro/pro-ele-1.png]
[html.vecurosoft.com/Jiwan Ram Basherhar Lal Sr. Sec. Public School/demo/assets/img/pro/pro-ele-2.png]
[html.vecurosoft.com/Jiwan Ram Basherhar Lal Sr. Sec. Public School/demo/assets/img/pro/pro-ele-3.png]
[html.vecurosoft.com/Jiwan Ram Basherhar Lal Sr. Sec. Public School/demo/assets/img/class/class-bg.png]
[html.vecurosoft.com/Jiwan Ram Basherhar Lal Sr. Sec. Public School/demo/assets/img/class/class-ele1.png]
[html.vecurosoft.com/Jiwan Ram Basherhar Lal Sr. Sec. Public School/demo/assets/img/class/class-1-1.jpg]
[html.vecurosoft.com/Jiwan Ram Basherhar Lal Sr. Sec. Public School/demo/assets/img/class/class-1-2.jpg]
[html.vecurosoft.com/Jiwan Ram Basherhar Lal Sr. Sec. Public School/demo/assets/img/class/class-1-3.jpg]
[html.vecurosoft.com/Jiwan Ram Basherhar Lal Sr. Sec. Public School/demo/assets/img/class/class-1-4.jpg]
[html.vecurosoft.com/Jiwan Ram Basherhar Lal Sr. Sec. Public School/demo/assets/img/feedback/feedback-image-1-1.jpg]
[html.vecurosoft.com/Jiwan Ram Basherhar Lal Sr. Sec. Public School/demo/assets/img/feedback/feedback-image-1-2.png]
[html.vecurosoft.com/Jiwan Ram Basherhar Lal Sr. Sec. Public School/demo/assets/img/feedback/vs-feedback-ele-1.png]
[html.vecurosoft.com/Jiwan Ram Basherhar Lal Sr. Sec. Public School/demo/assets/img/feedback/feedback-man-1-1.jpg]
[html.vecurosoft.com/Jiwan Ram Basherhar Lal Sr. Sec. Public School/demo/assets/img/feedback/feedback-man-1-2.jpg]
[html.vecurosoft.com/Jiwan Ram Basherhar Lal Sr. Sec. Public School/demo/assets/img/feedback/feedback-man-1-3.jpg]
[html.vecurosoft.com/Jiwan Ram Basherhar Lal Sr. Sec. Public School/demo/assets/img/blog/h1-bg-blog.png]
[html.vecurosoft.com/Jiwan Ram Basherhar Lal Sr. Sec. Public School/demo/assets/img/blog/blog-h1-1.jpg]
[html.vecurosoft.com/Jiwan Ram Basherhar Lal Sr. Sec. Public School/demo/assets/img/blog/blog-h1-2.jpg]
[html.vecurosoft.com/Jiwan Ram Basherhar Lal Sr. Sec. Public School/demo/assets/img/blog/blog-h1-3.jpg]
[html.vecurosoft.com/Jiwan Ram Basherhar Lal Sr. Sec. Public School/demo/assets/img/footer/footer-element-1.png]
[html.vecurosoft.com/Jiwan Ram Basherhar Lal Sr. Sec. Public School/demo/assets/img/footer/footer-element-2.png]
[html.vecurosoft.com/Jiwan Ram Basherhar Lal Sr. Sec. Public School/demo/assets/img/footer/footer-element-3.png]
[html.vecurosoft.com/Jiwan Ram Basherhar Lal Sr. Sec. Public School/demo/assets/js/vendor/jquery-3.7.1.min.js]
[html.vecurosoft.com/Jiwan Ram Basherhar Lal Sr. Sec. Public School/demo/assets/js/wow.min.js]
[html.vecurosoft.com/Jiwan Ram Basherhar Lal Sr. Sec. Public School/demo/assets/js/bootstrap.min.js]
[html.vecurosoft.com/Jiwan Ram Basherhar Lal Sr. Sec. Public School/demo/assets/js/jquery.magnific-popup.min.js]
[html.vecurosoft.com/Jiwan Ram Basherhar Lal Sr. Sec. Public School/demo/assets/js/gsap.min.js]
[html.vecurosoft.com/Jiwan Ram Basherhar Lal Sr. Sec. Public School/demo/assets/js/ScrollTrigger.min.js]
[html.vecurosoft.com/Jiwan Ram Basherhar Lal Sr. Sec. Public School/demo/assets/js/gsap-scroll-to-plugin.js]
[html.vecurosoft.com/Jiwan Ram Basherhar Lal Sr. Sec. Public School/demo/assets/js/SplitText.js]
[html.vecurosoft.com/Jiwan Ram Basherhar Lal Sr. Sec. Public School/demo/assets/js/lenis.min.js]
[html.vecurosoft.com/Jiwan Ram Basherhar Lal Sr. Sec. Public School/demo/assets/js/flipperCount.js]
[html.vecurosoft.com/Jiwan Ram Basherhar Lal Sr. Sec. Public School/demo/index.html]
[html.vecurosoft.com/Jiwan Ram Basherhar Lal Sr. Sec. Public School/demo/assets/js/swiper-bundle.js]
[html.vecurosoft.com/Jiwan Ram Basherhar Lal Sr. Sec. Public School/demo/assets/css/bootstrap.min.css]
[html.vecurosoft.com/Jiwan Ram Basherhar Lal Sr. Sec. Public School/demo/assets/js/main.js]
[html.vecurosoft.com/Jiwan Ram Basherhar Lal Sr. Sec. Public School/demo/assets/fonts/fa-brands-400.woff2]
[html.vecurosoft.com/Jiwan Ram Basherhar Lal Sr. Sec. Public School/demo/assets/fonts/fa-duotone-900.woff2]
[html.vecurosoft.com/Jiwan Ram Basherhar Lal Sr. Sec. Public School/demo/assets/fonts/fa-light-300.woff2]
[html.vecurosoft.com/Jiwan Ram Basherhar Lal Sr. Sec. Public School/demo/assets/fonts/fa-regular-400.woff2]
[html.vecurosoft.com/Jiwan Ram Basherhar Lal Sr. Sec. Public School/demo/assets/fonts/fa-solid-900.woff2]
[html.vecurosoft.com/Jiwan Ram Basherhar Lal Sr. Sec. Public School/demo/assets/fonts/fa-thin-100.woff2]
[html.vecurosoft.com/Jiwan Ram Basherhar Lal Sr. Sec. Public School/demo/assets/fonts/fa-v4compatibility.woff2]
[html.vecurosoft.com/Jiwan Ram Basherhar Lal Sr. Sec. Public School/demo/assets/css/fontawesome.min.css]
[html.vecurosoft.com/Jiwan Ram Basherhar Lal Sr. Sec. Public School/demo/assets/css/magnific-popup.min.css]
[html.vecurosoft.com/Jiwan Ram Basherhar Lal Sr. Sec. Public School/demo/assets/css/swiper-bundle.css]
[html.vecurosoft.com/Jiwan Ram Basherhar Lal Sr. Sec. Public School/demo/assets/css/animate.min.css]
[html.vecurosoft.com/Jiwan Ram Basherhar Lal Sr. Sec. Public School/demo/assets/img/home-7/time-bg-h7.png]
[html.vecurosoft.com/Jiwan Ram Basherhar Lal Sr. Sec. Public School/demo/assets/img/home-7/video-bg-overlay.png]
[html.vecurosoft.com/Jiwan Ram Basherhar Lal Sr. Sec. Public School/demo/assets/css/style.css]
[html.vecurosoft.com/Jiwan Ram Basherhar Lal Sr. Sec. Public School/demo/assets/img/photos.jpeg]
[html.vecurosoft.com/Jiwan Ram Basherhar Lal Sr. Sec. Public School/demo/assets/img/hero/banner-2-1.png]
[html.vecurosoft.com/Jiwan Ram Basherhar Lal Sr. Sec. Public School/demo/assets/img/hero/hero-image-2-1.png]
[html.vecurosoft.com/Jiwan Ram Basherhar Lal Sr. Sec. Public School/demo/assets/img/hero/hero-image-2-2.png]
[html.vecurosoft.com/Jiwan Ram Basherhar Lal Sr. Sec. Public School/demo/assets/img/about/vs-about-h2-2.jpg]
[html.vecurosoft.com/Jiwan Ram Basherhar Lal Sr. Sec. Public School/demo/assets/img/bg/program-bg-h2.png]
[html.vecurosoft.com/Jiwan Ram Basherhar Lal Sr. Sec. Public School/demo/assets/img/grade/grade-h2-1.jpg]
[html.vecurosoft.com/Jiwan Ram Basherhar Lal Sr. Sec. Public School/demo/assets/img/grade/grade-h2-2.jpg]
[html.vecurosoft.com/Jiwan Ram Basherhar Lal Sr. Sec. Public School/demo/assets/img/grade/grade-h2-3.jpg]
[html.vecurosoft.com/Jiwan Ram Basherhar Lal Sr. Sec. Public School/demo/assets/img/grade/grade-h2-4.jpg]
[html.vecurosoft.com/Jiwan Ram Basherhar Lal Sr. Sec. Public School/demo/assets/img/grade/grade-h2-5.jpg]
[html.vecurosoft.com/Jiwan Ram Basherhar Lal Sr. Sec. Public School/demo/assets/img/grade/grade-h2-6.jpg]
[html.vecurosoft.com/Jiwan Ram Basherhar Lal Sr. Sec. Public School/demo/assets/img/feedback/feedback-image-h2-1.jpg]
[html.vecurosoft.com/Jiwan Ram Basherhar Lal Sr. Sec. Public School/demo/assets/img/contact/vs-cta-ele1.png]
[html.vecurosoft.com/Jiwan Ram Basherhar Lal Sr. Sec. Public School/demo/assets/img/contact/vs-cta-ele2.png]
[html.vecurosoft.com/Jiwan Ram Basherhar Lal Sr. Sec. Public School/demo/assets/img/contact/vs-cta-ele3.png]
[html.vecurosoft.com/Jiwan Ram Basherhar Lal Sr. Sec. Public School/demo/assets/img/team/team-bg.png]
[html.vecurosoft.com/Jiwan Ram Basherhar Lal Sr. Sec. Public School/demo/assets/img/team/team-1-1.jpg]
[html.vecurosoft.com/Jiwan Ram Basherhar Lal Sr. Sec. Public School/demo/assets/img/team/team-1-2.jpg]
[html.vecurosoft.com/Jiwan Ram Basherhar Lal Sr. Sec. Public School/demo/assets/img/team/team-1-3.jpg]
[html.vecurosoft.com/Jiwan Ram Basherhar Lal Sr. Sec. Public School/demo/assets/img/team/team-1-4.jpg]
[html.vecurosoft.com/Jiwan Ram Basherhar Lal Sr. Sec. Public School/demo/assets/img/rooms/room-bg.png]
[html.vecurosoft.com/Jiwan Ram Basherhar Lal Sr. Sec. Public School/demo/assets/img/rooms/room-ele1.png]
[html.vecurosoft.com/Jiwan Ram Basherhar Lal Sr. Sec. Public School/demo/assets/img/rooms/room-ele2.png]
[html.vecurosoft.com/Jiwan Ram Basherhar Lal Sr. Sec. Public School/demo/assets/img/rooms/room-video-bg.jpg]
[html.vecurosoft.com/Jiwan Ram Basherhar Lal Sr. Sec. Public School/demo/assets/img/client/client-bg.png]
[html.vecurosoft.com/Jiwan Ram Basherhar Lal Sr. Sec. Public School/demo/assets/img/client/vs-client-bg.png]
[html.vecurosoft.com/Jiwan Ram Basherhar Lal Sr. Sec. Public School/demo/assets/img/client/client-h2-1-1.jpg]
[html.vecurosoft.com/Jiwan Ram Basherhar Lal Sr. Sec. Public School/demo/assets/img/client/client-h2-1-2.jpg]
[html.vecurosoft.com/Jiwan Ram Basherhar Lal Sr. Sec. Public School/demo/assets/img/blog/blog-h1-4.jpg]
[html.vecurosoft.com/Jiwan Ram Basherhar Lal Sr. Sec. Public School/demo/index-2.html]
[html.vecurosoft.com/Jiwan Ram Basherhar Lal Sr. Sec. Public School/demo/assets/img/hero/hero-ele-3-1.png]
[html.vecurosoft.com/Jiwan Ram Basherhar Lal Sr. Sec. Public School/demo/assets/img/hero/hero-ele-3-2.png]
[html.vecurosoft.com/Jiwan Ram Basherhar Lal Sr. Sec. Public School/demo/assets/img/hero/hero-ele-3-3.png]
[html.vecurosoft.com/Jiwan Ram Basherhar Lal Sr. Sec. Public School/demo/assets/img/hero/hero-ele-3-4.png]
[html.vecurosoft.com/Jiwan Ram Basherhar Lal Sr. Sec. Public School/demo/assets/img/hero/banner-3-1.png]
[html.vecurosoft.com/Jiwan Ram Basherhar Lal Sr. Sec. Public School/demo/assets/img/hero/hero-image-3-1.png]
[html.vecurosoft.com/Jiwan Ram Basherhar Lal Sr. Sec. Public School/demo/assets/img/hero/hero-image-3-2.png]
[html.vecurosoft.com/Jiwan Ram Basherhar Lal Sr. Sec. Public School/demo/assets/img/about/vs-about-h3-bg.png]
[html.vecurosoft.com/Jiwan Ram Basherhar Lal Sr. Sec. Public School/demo/assets/img/about/vs-about-h3-ele-1.png]
[html.vecurosoft.com/Jiwan Ram Basherhar Lal Sr. Sec. Public School/demo/assets/img/about/vs-about-h3-1.png]
[html.vecurosoft.com/Jiwan Ram Basherhar Lal Sr. Sec. Public School/demo/assets/img/bg/session-bg.png]
[html.vecurosoft.com/Jiwan Ram Basherhar Lal Sr. Sec. Public School/demo/assets/img/time/vs-time-1-1.jpg]
[html.vecurosoft.com/Jiwan Ram Basherhar Lal Sr. Sec. Public School/demo/assets/img/time/teacher-1-1.png]
[html.vecurosoft.com/Jiwan Ram Basherhar Lal Sr. Sec. Public School/demo/assets/img/time/vs-time-1-2.jpg]
[html.vecurosoft.com/Jiwan Ram Basherhar Lal Sr. Sec. Public School/demo/assets/img/time/vs-time-1-3.jpg]
[html.vecurosoft.com/Jiwan Ram Basherhar Lal Sr. Sec. Public School/demo/assets/img/time/vs-time-1-4.jpg]
[html.vecurosoft.com/Jiwan Ram Basherhar Lal Sr. Sec. Public School/demo/assets/img/feature/feature-bg-why.png]
[html.vecurosoft.com/Jiwan Ram Basherhar Lal Sr. Sec. Public School/demo/assets/img/feature/feature-image-3-1.png]
[html.vecurosoft.com/Jiwan Ram Basherhar Lal Sr. Sec. Public School/demo/assets/img/feature/awards-logo-1-1.png]
[html.vecurosoft.com/Jiwan Ram Basherhar Lal Sr. Sec. Public School/demo/assets/img/feature/awards-logo-1-2.png]
[html.vecurosoft.com/Jiwan Ram Basherhar Lal Sr. Sec. Public School/demo/assets/img/feature/awards-logo-1-3.png]
[html.vecurosoft.com/Jiwan Ram Basherhar Lal Sr. Sec. Public School/demo/assets/img/feature/awards-logo-1-4.png]
[html.vecurosoft.com/Jiwan Ram Basherhar Lal Sr. Sec. Public School/demo/assets/img/feature/awards-logo-1-5.png]
[html.vecurosoft.com/Jiwan Ram Basherhar Lal Sr. Sec. Public School/demo/assets/img/video/video-bg-image.jpg]
[html.vecurosoft.com/Jiwan Ram Basherhar Lal Sr. Sec. Public School/demo/assets/img/video/video-bg-image-overlay.png]
[html.vecurosoft.com/Jiwan Ram Basherhar Lal Sr. Sec. Public School/demo/assets/img/video/video-h3-ele1.png]
[html.vecurosoft.com/Jiwan Ram Basherhar Lal Sr. Sec. Public School/demo/assets/img/video/video-h3-ele2.png]
[html.vecurosoft.com/Jiwan Ram Basherhar Lal Sr. Sec. Public School/demo/index-3.html]
[html.vecurosoft.com/Jiwan Ram Basherhar Lal Sr. Sec. Public School/demo/assets/img/home-4/hero-ele-4-1.png]
[html.vecurosoft.com/Jiwan Ram Basherhar Lal Sr. Sec. Public School/demo/assets/img/home-4/hero-ele-4-2.png]
[html.vecurosoft.com/Jiwan Ram Basherhar Lal Sr. Sec. Public School/demo/assets/img/home-4/hero-shapeImg-4.png]
[html.vecurosoft.com/Jiwan Ram Basherhar Lal Sr. Sec. Public School/demo/assets/img/home-4/banner-4-1.jpg]
[html.vecurosoft.com/Jiwan Ram Basherhar Lal Sr. Sec. Public School/demo/assets/img/home-4/hero-shape-4-1.png]
[html.vecurosoft.com/Jiwan Ram Basherhar Lal Sr. Sec. Public School/demo/assets/img/home-4/hero-image-4-1.png]
[html.vecurosoft.com/Jiwan Ram Basherhar Lal Sr. Sec. Public School/demo/assets/img/home-4/hero-image-4-2.png]
[html.vecurosoft.com/Jiwan Ram Basherhar Lal Sr. Sec. Public School/demo/assets/img/home-4/feature-icon-h4-1.png]
[html.vecurosoft.com/Jiwan Ram Basherhar Lal Sr. Sec. Public School/demo/assets/img/home-4/feature-icon-h4-2.png]
[html.vecurosoft.com/Jiwan Ram Basherhar Lal Sr. Sec. Public School/demo/assets/img/home-4/feature-icon-h4-3.png]
[html.vecurosoft.com/Jiwan Ram Basherhar Lal Sr. Sec. Public School/demo/assets/img/home-4/vs-about2-h4-.png]
[html.vecurosoft.com/Jiwan Ram Basherhar Lal Sr. Sec. Public School/demo/assets/img/home-4/vs-about2-h4-image.jpg]
[html.vecurosoft.com/Jiwan Ram Basherhar Lal Sr. Sec. Public School/demo/assets/img/home-4/vs-about2-h4-ele.png]
[html.vecurosoft.com/Jiwan Ram Basherhar Lal Sr. Sec. Public School/demo/assets/img/home-4/activity-bg-h4.png]
[html.vecurosoft.com/Jiwan Ram Basherhar Lal Sr. Sec. Public School/demo/assets/img/home-4/class-bg.png]
[html.vecurosoft.com/Jiwan Ram Basherhar Lal Sr. Sec. Public School/demo/assets/img/home-4/avtivity-h4-ele1.png]
[html.vecurosoft.com/Jiwan Ram Basherhar Lal Sr. Sec. Public School/demo/assets/img/home-4/avtivity-h4-1.jpg]
[html.vecurosoft.com/Jiwan Ram Basherhar Lal Sr. Sec. Public School/demo/assets/img/home-4/avtivity-h4-2.jpg]
[html.vecurosoft.com/Jiwan Ram Basherhar Lal Sr. Sec. Public School/demo/assets/img/home-4/avtivity-h4-3.jpg]
[html.vecurosoft.com/Jiwan Ram Basherhar Lal Sr. Sec. Public School/demo/assets/img/home-4/vs-about-h4-bg.png]
[html.vecurosoft.com/Jiwan Ram Basherhar Lal Sr. Sec. Public School/demo/assets/img/home-4/vs-about-h4-ele.png]
[html.vecurosoft.com/Jiwan Ram Basherhar Lal Sr. Sec. Public School/demo/assets/img/home-4/vs-about-h4-ele1.png]
[html.vecurosoft.com/Jiwan Ram Basherhar Lal Sr. Sec. Public School/demo/assets/img/home-4/vs-about-h4-1.jpg]
[html.vecurosoft.com/Jiwan Ram Basherhar Lal Sr. Sec. Public School/demo/assets/img/home-4/video-bg-h4.jpg]
[html.vecurosoft.com/Jiwan Ram Basherhar Lal Sr. Sec. Public School/demo/assets/img/home-4/instructor-bg.jpg]
[html.vecurosoft.com/Jiwan Ram Basherhar Lal Sr. Sec. Public School/demo/assets/img/home-4/instructor-1-1.jpg]
[html.vecurosoft.com/Jiwan Ram Basherhar Lal Sr. Sec. Public School/demo/assets/img/home-4/instructor-1-2.jpg]
[html.vecurosoft.com/Jiwan Ram Basherhar Lal Sr. Sec. Public School/demo/assets/img/home-4/instructor-1-3.jpg]
[html.vecurosoft.com/Jiwan Ram Basherhar Lal Sr. Sec. Public School/demo/assets/img/home-4/instructor-1-4.jpg]
[html.vecurosoft.com/Jiwan Ram Basherhar Lal Sr. Sec. Public School/demo/assets/img/home-4/blog-h4-1.jpg]
[html.vecurosoft.com/Jiwan Ram Basherhar Lal Sr. Sec. Public School/demo/assets/img/home-4/blog-h4-2.jpg]
[html.vecurosoft.com/Jiwan Ram Basherhar Lal Sr. Sec. Public School/demo/assets/img/home-4/blog-h4-3.jpg]
[html.vecurosoft.com/Jiwan Ram Basherhar Lal Sr. Sec. Public School/demo/index-4.html]
[html.vecurosoft.com/Jiwan Ram Basherhar Lal Sr. Sec. Public School/demo/assets/img/home-5/hero-banner-h5.jpg]
[html.vecurosoft.com/Jiwan Ram Basherhar Lal Sr. Sec. Public School/demo/assets/img/home-5/hero-star-icon-h5.png]
[html.vecurosoft.com/Jiwan Ram Basherhar Lal Sr. Sec. Public School/demo/assets/img/home-5/feature-icon-h5-1.png]
[html.vecurosoft.com/Jiwan Ram Basherhar Lal Sr. Sec. Public School/demo/assets/img/home-5/feature-icon-h5-2.png]
[html.vecurosoft.com/Jiwan Ram Basherhar Lal Sr. Sec. Public School/demo/assets/img/home-5/feature-icon-h5-3.png]
[html.vecurosoft.com/Jiwan Ram Basherhar Lal Sr. Sec. Public School/demo/assets/img/home-5/about3-img2-h5.jpg]
[html.vecurosoft.com/Jiwan Ram Basherhar Lal Sr. Sec. Public School/demo/assets/img/home-5/about3-img3-h5.jpg]
[html.vecurosoft.com/Jiwan Ram Basherhar Lal Sr. Sec. Public School/demo/assets/img/home-5/about3-img1-h5.jpg]
[html.vecurosoft.com/Jiwan Ram Basherhar Lal Sr. Sec. Public School/demo/assets/img/home-5/feature-h5-bg.png]
[html.vecurosoft.com/Jiwan Ram Basherhar Lal Sr. Sec. Public School/demo/assets/img/home-5/featureP-icon-h5-1.png]
[html.vecurosoft.com/Jiwan Ram Basherhar Lal Sr. Sec. Public School/demo/assets/img/home-5/featureP-icon-h5-2.png]
[html.vecurosoft.com/Jiwan Ram Basherhar Lal Sr. Sec. Public School/demo/assets/img/home-5/featureP-icon-h5-3.png]
[html.vecurosoft.com/Jiwan Ram Basherhar Lal Sr. Sec. Public School/demo/assets/img/home-5/featureP-icon-h5-4.png]
[html.vecurosoft.com/Jiwan Ram Basherhar Lal Sr. Sec. Public School/demo/assets/img/home-5/team-nanny-img1-h5.jpg]
[html.vecurosoft.com/Jiwan Ram Basherhar Lal Sr. Sec. Public School/demo/assets/img/home-5/team-nanny-img2-h5.jpg]
[html.vecurosoft.com/Jiwan Ram Basherhar Lal Sr. Sec. Public School/demo/assets/img/home-5/team-nanny-img3-h5.jpg]
[html.vecurosoft.com/Jiwan Ram Basherhar Lal Sr. Sec. Public School/demo/assets/img/home-5/team-nanny-img4-h5.jpg]
[html.vecurosoft.com/Jiwan Ram Basherhar Lal Sr. Sec. Public School/demo/assets/img/home-5/contact-image-h5.jpg]
[html.vecurosoft.com/Jiwan Ram Basherhar Lal Sr. Sec. Public School/demo/assets/img/home-5/contact-img-overlay-h5.png]
[html.vecurosoft.com/Jiwan Ram Basherhar Lal Sr. Sec. Public School/demo/assets/img/home-5/blog-img1-h5.jpg]
[html.vecurosoft.com/Jiwan Ram Basherhar Lal Sr. Sec. Public School/demo/assets/img/home-5/blog-img2-h5.jpg]
[html.vecurosoft.com/Jiwan Ram Basherhar Lal Sr. Sec. Public School/demo/assets/img/home-5/blog-img3-h5.jpg]
[html.vecurosoft.com/Jiwan Ram Basherhar Lal Sr. Sec. Public School/demo/index-5.html]
[html.vecurosoft.com/Jiwan Ram Basherhar Lal Sr. Sec. Public School/demo/assets/img/home-6/hero-ele1-h6.png]
[html.vecurosoft.com/Jiwan Ram Basherhar Lal Sr. Sec. Public School/demo/assets/img/home-6/hero-ele3-h6.png]
[html.vecurosoft.com/Jiwan Ram Basherhar Lal Sr. Sec. Public School/demo/assets/img/home-6/hero-ele4-h6.png]
[html.vecurosoft.com/Jiwan Ram Basherhar Lal Sr. Sec. Public School/demo/assets/img/home-6/hero-banner-h6.jpg]
[html.vecurosoft.com/Jiwan Ram Basherhar Lal Sr. Sec. Public School/demo/assets/img/home-6/hero-icon-h6.png]
[html.vecurosoft.com/Jiwan Ram Basherhar Lal Sr. Sec. Public School/demo/assets/img/home-6/hero-brand1-h6.png]
[html.vecurosoft.com/Jiwan Ram Basherhar Lal Sr. Sec. Public School/demo/assets/img/home-6/hero-brand2-h6.png]
[html.vecurosoft.com/Jiwan Ram Basherhar Lal Sr. Sec. Public School/demo/assets/img/home-6/hero-img2-h6.png]
[html.vecurosoft.com/Jiwan Ram Basherhar Lal Sr. Sec. Public School/demo/assets/img/home-6/hero-img3-h6.png]
[html.vecurosoft.com/Jiwan Ram Basherhar Lal Sr. Sec. Public School/demo/assets/img/home-6/hero-img4-h6.png]
[html.vecurosoft.com/Jiwan Ram Basherhar Lal Sr. Sec. Public School/demo/assets/img/home-6/hero-img-h6.jpg]
[html.vecurosoft.com/Jiwan Ram Basherhar Lal Sr. Sec. Public School/demo/assets/img/home-6/hero-rabit-icon-h6.png]
[html.vecurosoft.com/Jiwan Ram Basherhar Lal Sr. Sec. Public School/demo/assets/img/home-6/hero-ele2-h6.png]
[html.vecurosoft.com/Jiwan Ram Basherhar Lal Sr. Sec. Public School/demo/assets/img/home-6/feature-icon1-h6.png]
[html.vecurosoft.com/Jiwan Ram Basherhar Lal Sr. Sec. Public School/demo/assets/img/home-6/feature-icon2-h6.png]
[html.vecurosoft.com/Jiwan Ram Basherhar Lal Sr. Sec. Public School/demo/assets/img/home-6/feature-icon3-h6.png]
[html.vecurosoft.com/Jiwan Ram Basherhar Lal Sr. Sec. Public School/demo/assets/img/home-6/about-img1-h6.jpg]
[html.vecurosoft.com/Jiwan Ram Basherhar Lal Sr. Sec. Public School/demo/assets/img/home-6/about-img2-h6.jpg]
[html.vecurosoft.com/Jiwan Ram Basherhar Lal Sr. Sec. Public School/demo/assets/img/home-6/about-img3-h6.jpg]
[html.vecurosoft.com/Jiwan Ram Basherhar Lal Sr. Sec. Public School/demo/assets/img/home-6/about-ele1-h6.png]
[html.vecurosoft.com/Jiwan Ram Basherhar Lal Sr. Sec. Public School/demo/assets/img/home-6/course-banner-h6.png]
[html.vecurosoft.com/Jiwan Ram Basherhar Lal Sr. Sec. Public School/demo/assets/img/home-6/course-cate-icon1-h6.png]
[html.vecurosoft.com/Jiwan Ram Basherhar Lal Sr. Sec. Public School/demo/assets/img/home-6/course-cate-icon1-hover-h6.png]
[html.vecurosoft.com/Jiwan Ram Basherhar Lal Sr. Sec. Public School/demo/assets/img/home-6/course-cate-icon2-h6.png]
[html.vecurosoft.com/Jiwan Ram Basherhar Lal Sr. Sec. Public School/demo/assets/img/home-6/course-cate-icon2-hover-h6.png]
[html.vecurosoft.com/Jiwan Ram Basherhar Lal Sr. Sec. Public School/demo/assets/img/home-6/course-cate-icon3-h6.png]
[html.vecurosoft.com/Jiwan Ram Basherhar Lal Sr. Sec. Public School/demo/assets/img/home-6/course-cate-icon3-hover-h6.png]
[html.vecurosoft.com/Jiwan Ram Basherhar Lal Sr. Sec. Public School/demo/assets/img/home-6/course-cate-icon4-h6.png]
[html.vecurosoft.com/Jiwan Ram Basherhar Lal Sr. Sec. Public School/demo/assets/img/home-6/course-cate-icon4-hover-h6.png]
[html.vecurosoft.com/Jiwan Ram Basherhar Lal Sr. Sec. Public School/demo/assets/img/home-6/course-cate-icon5-h6.png]
[html.vecurosoft.com/Jiwan Ram Basherhar Lal Sr. Sec. Public School/demo/assets/img/home-6/course-cate-icon5-hover-h6.png]
[html.vecurosoft.com/Jiwan Ram Basherhar Lal Sr. Sec. Public School/demo/assets/img/home-6/course-cate-icon6-h6.png]
[html.vecurosoft.com/Jiwan Ram Basherhar Lal Sr. Sec. Public School/demo/assets/img/home-6/course-cate-icon6-hover-h6.png]
[html.vecurosoft.com/Jiwan Ram Basherhar Lal Sr. Sec. Public School/demo/assets/img/home-6/course-cate-icon7-h6.png]
[html.vecurosoft.com/Jiwan Ram Basherhar Lal Sr. Sec. Public School/demo/assets/img/home-6/course-cate-icon7-hover-h6.png]
[html.vecurosoft.com/Jiwan Ram Basherhar Lal Sr. Sec. Public School/demo/assets/img/home-6/course-masonry-img1-h6.jpg]
[html.vecurosoft.com/Jiwan Ram Basherhar Lal Sr. Sec. Public School/demo/assets/img/home-6/course-masonry-Timg1-h6.jpg]
[html.vecurosoft.com/Jiwan Ram Basherhar Lal Sr. Sec. Public School/demo/assets/img/home-6/course-masonry-img2-h6.jpg]
[html.vecurosoft.com/Jiwan Ram Basherhar Lal Sr. Sec. Public School/demo/assets/img/home-6/course-masonry-Timg2-h6.jpg]
[html.vecurosoft.com/Jiwan Ram Basherhar Lal Sr. Sec. Public School/demo/assets/img/home-6/course-masonry-img3-h6.jpg]
[html.vecurosoft.com/Jiwan Ram Basherhar Lal Sr. Sec. Public School/demo/assets/img/home-6/course-masonry-img4-h6.jpg]
[html.vecurosoft.com/Jiwan Ram Basherhar Lal Sr. Sec. Public School/demo/assets/img/home-6/course-masonry-Timg3-h6.jpg]
[html.vecurosoft.com/Jiwan Ram Basherhar Lal Sr. Sec. Public School/demo/assets/img/home-6/course-masonry-img5-h6.jpg]
[html.vecurosoft.com/Jiwan Ram Basherhar Lal Sr. Sec. Public School/demo/assets/img/home-6/course-masonry-Timg4-h6.jpg]
[html.vecurosoft.com/Jiwan Ram Basherhar Lal Sr. Sec. Public School/demo/assets/img/home-6/course-masonry-img6-h6.jpg]
[html.vecurosoft.com/Jiwan Ram Basherhar Lal Sr. Sec. Public School/demo/assets/img/home-6/course-masonry-Timg5-h6.jpg]
[html.vecurosoft.com/Jiwan Ram Basherhar Lal Sr. Sec. Public School/demo/assets/img/home-6/team-banner-h6.png]
[html.vecurosoft.com/Jiwan Ram Basherhar Lal Sr. Sec. Public School/demo/assets/img/home-6/subscribe-banner-h6.png]
[html.vecurosoft.com/Jiwan Ram Basherhar Lal Sr. Sec. Public School/demo/index-6.html]
[html.vecurosoft.com/Jiwan Ram Basherhar Lal Sr. Sec. Public School/demo/assets/img/home-7/Logo.png]
[html.vecurosoft.com/Jiwan Ram Basherhar Lal Sr. Sec. Public School/demo/assets/img/home-7/hero-banner-img2-h7.jpg]
[html.vecurosoft.com/Jiwan Ram Basherhar Lal Sr. Sec. Public School/demo/assets/img/home-7/hero-banner-icon-h7.png]
[html.vecurosoft.com/Jiwan Ram Basherhar Lal Sr. Sec. Public School/demo/assets/img/home-7/hero-banner-mapIcon-h7.png]
[html.vecurosoft.com/Jiwan Ram Basherhar Lal Sr. Sec. Public School/demo/assets/img/home-7/hero-banner-img1-h7.jpg]
[html.vecurosoft.com/Jiwan Ram Basherhar Lal Sr. Sec. Public School/demo/assets/img/home-7/feature-img1-h7.jpg]
[html.vecurosoft.com/Jiwan Ram Basherhar Lal Sr. Sec. Public School/demo/assets/img/home-7/feature-img2-h7.jpg]
[html.vecurosoft.com/Jiwan Ram Basherhar Lal Sr. Sec. Public School/demo/assets/img/home-7/feature-img3-h7.jpg]
[html.vecurosoft.com/Jiwan Ram Basherhar Lal Sr. Sec. Public School/demo/assets/img/home-7/feature-img4-h7.jpg]
[html.vecurosoft.com/Jiwan Ram Basherhar Lal Sr. Sec. Public School/demo/assets/img/home-7/about-img1-h7.jpg]
[html.vecurosoft.com/Jiwan Ram Basherhar Lal Sr. Sec. Public School/demo/assets/img/home-7/profile-img1-h7.png]
[html.vecurosoft.com/Jiwan Ram Basherhar Lal Sr. Sec. Public School/demo/assets/img/home-7/profile-img2-h7.png]
[html.vecurosoft.com/Jiwan Ram Basherhar Lal Sr. Sec. Public School/demo/assets/img/home-7/profile-img3-h7.png]
[html.vecurosoft.com/Jiwan Ram Basherhar Lal Sr. Sec. Public School/demo/assets/img/home-7/about-img2-h7.jpg]
[html.vecurosoft.com/Jiwan Ram Basherhar Lal Sr. Sec. Public School/demo/assets/img/home-7/video-bg-imgh7.jpg]
[html.vecurosoft.com/Jiwan Ram Basherhar Lal Sr. Sec. Public School/demo/assets/img/home-7/schedule-img1-h7.jpg]
[html.vecurosoft.com/Jiwan Ram Basherhar Lal Sr. Sec. Public School/demo/assets/img/home-7/map-icon-event.png]
[html.vecurosoft.com/Jiwan Ram Basherhar Lal Sr. Sec. Public School/demo/assets/img/home-7/schedule-img2-h7.jpg]
[html.vecurosoft.com/Jiwan Ram Basherhar Lal Sr. Sec. Public School/demo/assets/img/home-7/schedule-img3-h7.jpg]
[html.vecurosoft.com/Jiwan Ram Basherhar Lal Sr. Sec. Public School/demo/assets/img/home-7/team-img1-h7.jpg]
[html.vecurosoft.com/Jiwan Ram Basherhar Lal Sr. Sec. Public School/demo/assets/img/home-7/team-img2-h7.jpg]
[html.vecurosoft.com/Jiwan Ram Basherhar Lal Sr. Sec. Public School/demo/assets/img/home-7/team-img3-h7.jpg]
[html.vecurosoft.com/Jiwan Ram Basherhar Lal Sr. Sec. Public School/demo/assets/img/home-7/team-img4-h7.jpg]
[html.vecurosoft.com/Jiwan Ram Basherhar Lal Sr. Sec. Public School/demo/assets/img/home-7/pricing-bg-img-h7.png]
[html.vecurosoft.com/Jiwan Ram Basherhar Lal Sr. Sec. Public School/demo/assets/img/home-7/pricing-ele1-h7.png]
[html.vecurosoft.com/Jiwan Ram Basherhar Lal Sr. Sec. Public School/demo/assets/img/home-7/pricing-ele2-h7.png]
[html.vecurosoft.com/Jiwan Ram Basherhar Lal Sr. Sec. Public School/demo/assets/img/home-7/checkmark-pricing.png]
[html.vecurosoft.com/Jiwan Ram Basherhar Lal Sr. Sec. Public School/demo/assets/img/home-7/blog-img1-h7.jpg]
[html.vecurosoft.com/Jiwan Ram Basherhar Lal Sr. Sec. Public School/demo/assets/img/home-7/blog-img2-h7.jpg]
[html.vecurosoft.com/Jiwan Ram Basherhar Lal Sr. Sec. Public School/demo/index-7.html]
[html.vecurosoft.com/Jiwan Ram Basherhar Lal Sr. Sec. Public School/demo/assets/img/home-8/hero-ele1-h8.png]
[html.vecurosoft.com/Jiwan Ram Basherhar Lal Sr. Sec. Public School/demo/assets/img/home-8/hero-ele2-h8.png]
[html.vecurosoft.com/Jiwan Ram Basherhar Lal Sr. Sec. Public School/demo/assets/img/home-8/hero-banner-bg-h8.jpg]
[html.vecurosoft.com/Jiwan Ram Basherhar Lal Sr. Sec. Public School/demo/assets/img/home-8/hero-banner-img-h8.png]
[html.vecurosoft.com/Jiwan Ram Basherhar Lal Sr. Sec. Public School/demo/assets/img/home-8/hero-banner-star-h8.png]
[html.vecurosoft.com/Jiwan Ram Basherhar Lal Sr. Sec. Public School/demo/assets/img/home-8/about-img1-h8.jpg]
[html.vecurosoft.com/Jiwan Ram Basherhar Lal Sr. Sec. Public School/demo/assets/img/home-8/about-img2-h8.jpg]
[html.vecurosoft.com/Jiwan Ram Basherhar Lal Sr. Sec. Public School/demo/assets/img/home-8/about-ele3-h8.png]
[html.vecurosoft.com/Jiwan Ram Basherhar Lal Sr. Sec. Public School/demo/assets/img/home-8/about-icon1-h8.png]
[html.vecurosoft.com/Jiwan Ram Basherhar Lal Sr. Sec. Public School/demo/assets/img/home-8/about-icon2-h8.png]
[html.vecurosoft.com/Jiwan Ram Basherhar Lal Sr. Sec. Public School/demo/assets/img/home-8/about-ceo-h8.jpg]
[html.vecurosoft.com/Jiwan Ram Basherhar Lal Sr. Sec. Public School/demo/assets/img/home-8/about-ele1-h8.png]
[html.vecurosoft.com/Jiwan Ram Basherhar Lal Sr. Sec. Public School/demo/assets/img/home-8/about-ele2-h8.png]
[html.vecurosoft.com/Jiwan Ram Basherhar Lal Sr. Sec. Public School/demo/assets/img/home-8/rides-img1-h8.jpg]
[html.vecurosoft.com/Jiwan Ram Basherhar Lal Sr. Sec. Public School/demo/assets/img/home-8/rides-icon1-h8.png]
[html.vecurosoft.com/Jiwan Ram Basherhar Lal Sr. Sec. Public School/demo/assets/img/home-8/rides-img2-h8.jpg]
[html.vecurosoft.com/Jiwan Ram Basherhar Lal Sr. Sec. Public School/demo/assets/img/home-8/rides-icon2-h8.png]
[html.vecurosoft.com/Jiwan Ram Basherhar Lal Sr. Sec. Public School/demo/assets/img/home-8/rides-img3-h8.jpg]
[html.vecurosoft.com/Jiwan Ram Basherhar Lal Sr. Sec. Public School/demo/assets/img/home-8/rides-icon3-h8.png]
[html.vecurosoft.com/Jiwan Ram Basherhar Lal Sr. Sec. Public School/demo/assets/img/home-8/rides-img4-h8.jpg]
[html.vecurosoft.com/Jiwan Ram Basherhar Lal Sr. Sec. Public School/demo/assets/img/home-8/rides-icon4-h8.png]
[html.vecurosoft.com/Jiwan Ram Basherhar Lal Sr. Sec. Public School/demo/assets/img/home-8/gallery-img1-h8.jpg]
[html.vecurosoft.com/Jiwan Ram Basherhar Lal Sr. Sec. Public School/demo/assets/img/home-8/gallery-img2-h8.jpg]
[html.vecurosoft.com/Jiwan Ram Basherhar Lal Sr. Sec. Public School/demo/assets/img/home-8/gallery-img3-h8.jpg]
[html.vecurosoft.com/Jiwan Ram Basherhar Lal Sr. Sec. Public School/demo/assets/img/home-8/gallery-img4-h8.jpg]
[html.vecurosoft.com/Jiwan Ram Basherhar Lal Sr. Sec. Public School/demo/assets/img/home-8/gallery-img5-h8.jpg]
[html.vecurosoft.com/Jiwan Ram Basherhar Lal Sr. Sec. Public School/demo/assets/img/home-8/gallery-img6-h8.jpg]
[html.vecurosoft.com/Jiwan Ram Basherhar Lal Sr. Sec. Public School/demo/assets/img/home-8/toy.png]
[html.vecurosoft.com/Jiwan Ram Basherhar Lal Sr. Sec. Public School/demo/assets/img/home-8/feedback-img1-h8.jpg]
[html.vecurosoft.com/Jiwan Ram Basherhar Lal Sr. Sec. Public School/demo/assets/img/home-8/blog-img1-h8.jpg]
[html.vecurosoft.com/Jiwan Ram Basherhar Lal Sr. Sec. Public School/demo/assets/img/home-8/blog-img2-h8.jpg]
[html.vecurosoft.com/Jiwan Ram Basherhar Lal Sr. Sec. Public School/demo/assets/img/home-8/blog-img3-h8.jpg]
[html.vecurosoft.com/Jiwan Ram Basherhar Lal Sr. Sec. Public School/demo/index-8.html]
[html.vecurosoft.com/Jiwan Ram Basherhar Lal Sr. Sec. Public School/demo/assets/img/home-9/caricon.png]
[html.vecurosoft.com/Jiwan Ram Basherhar Lal Sr. Sec. Public School/demo/assets/img/home-9/Logo.png]
[html.vecurosoft.com/Jiwan Ram Basherhar Lal Sr. Sec. Public School/demo/assets/img/home-9/hero-banner-h9.jpg]
[html.vecurosoft.com/Jiwan Ram Basherhar Lal Sr. Sec. Public School/demo/assets/img/home-9/hero-banner-img1-h9.png]
[html.vecurosoft.com/Jiwan Ram Basherhar Lal Sr. Sec. Public School/demo/assets/img/home-9/hero-banner-img2-h9.png]
[html.vecurosoft.com/Jiwan Ram Basherhar Lal Sr. Sec. Public School/demo/assets/img/home-9/hero-ele.png]
[html.vecurosoft.com/Jiwan Ram Basherhar Lal Sr. Sec. Public School/demo/assets/img/home-9/product-img1-h9.png]
[html.vecurosoft.com/Jiwan Ram Basherhar Lal Sr. Sec. Public School/demo/assets/img/home-9/icon-banner.png]
[html.vecurosoft.com/Jiwan Ram Basherhar Lal Sr. Sec. Public School/demo/assets/img/home-9/product-img7-h9.png]
[html.vecurosoft.com/Jiwan Ram Basherhar Lal Sr. Sec. Public School/demo/assets/img/home-9/info-img1-h9.png]
[html.vecurosoft.com/Jiwan Ram Basherhar Lal Sr. Sec. Public School/demo/assets/img/home-9/info-img2-h9.png]
[html.vecurosoft.com/Jiwan Ram Basherhar Lal Sr. Sec. Public School/demo/assets/img/home-9/info-img3-h9.png]
[html.vecurosoft.com/Jiwan Ram Basherhar Lal Sr. Sec. Public School/demo/assets/img/home-9/info-img4-h9.png]
[html.vecurosoft.com/Jiwan Ram Basherhar Lal Sr. Sec. Public School/demo/assets/img/home-9/product-img2-h9.png]
[html.vecurosoft.com/Jiwan Ram Basherhar Lal Sr. Sec. Public School/demo/assets/img/home-9/product-img3-h9.png]
[html.vecurosoft.com/Jiwan Ram Basherhar Lal Sr. Sec. Public School/demo/assets/img/home-9/product-img4-h9.png]
[html.vecurosoft.com/Jiwan Ram Basherhar Lal Sr. Sec. Public School/demo/assets/img/home-9/product-img5-h9.png]
[html.vecurosoft.com/Jiwan Ram Basherhar Lal Sr. Sec. Public School/demo/assets/img/home-9/product-img6-h9.png]
[html.vecurosoft.com/Jiwan Ram Basherhar Lal Sr. Sec. Public School/demo/assets/img/home-9/product-img8-h9.png]
[html.vecurosoft.com/Jiwan Ram Basherhar Lal Sr. Sec. Public School/demo/assets/img/home-9/toy-cate-bg-h9.png]
[html.vecurosoft.com/Jiwan Ram Basherhar Lal Sr. Sec. Public School/demo/assets/img/home-9/toy-cate-ele-h9.png]
[html.vecurosoft.com/Jiwan Ram Basherhar Lal Sr. Sec. Public School/demo/assets/img/home-9/toy-img1-h9.png]
[html.vecurosoft.com/Jiwan Ram Basherhar Lal Sr. Sec. Public School/demo/assets/img/home-9/toy-img2-h9.png]
[html.vecurosoft.com/Jiwan Ram Basherhar Lal Sr. Sec. Public School/demo/assets/img/home-9/toy-img3-h9.png]
[html.vecurosoft.com/Jiwan Ram Basherhar Lal Sr. Sec. Public School/demo/assets/img/home-9/toy-img4-h9.png]
[html.vecurosoft.com/Jiwan Ram Basherhar Lal Sr. Sec. Public School/demo/assets/img/home-9/toy-img5-h9.png]
[html.vecurosoft.com/Jiwan Ram Basherhar Lal Sr. Sec. Public School/demo/assets/img/home-9/bs_product-img1-h9.jpg]
[html.vecurosoft.com/Jiwan Ram Basherhar Lal Sr. Sec. Public School/demo/assets/img/home-9/bs_product-img2-h9.jpg]
[html.vecurosoft.com/Jiwan Ram Basherhar Lal Sr. Sec. Public School/demo/assets/img/home-9/bs_product-img3-h9.jpg]
[html.vecurosoft.com/Jiwan Ram Basherhar Lal Sr. Sec. Public School/demo/assets/img/home-9/bs_product-img4-h9.jpg]
[html.vecurosoft.com/Jiwan Ram Basherhar Lal Sr. Sec. Public School/demo/assets/img/home-9/s_offer-img1-h9.jpg]
[html.vecurosoft.com/Jiwan Ram Basherhar Lal Sr. Sec. Public School/demo/assets/img/home-9/s_offer-img2-h9.jpg]
[html.vecurosoft.com/Jiwan Ram Basherhar Lal Sr. Sec. Public School/demo/assets/img/home-9/s_offer-img3-h9.jpg]
[html.vecurosoft.com/Jiwan Ram Basherhar Lal Sr. Sec. Public School/demo/assets/img/home-9/s_offer-img4-h9.jpg]
[html.vecurosoft.com/Jiwan Ram Basherhar Lal Sr. Sec. Public School/demo/assets/img/home-9/s_offer-img5-h9.jpg]
[html.vecurosoft.com/Jiwan Ram Basherhar Lal Sr. Sec. Public School/demo/assets/img/home-9/s_offer-img6-h9.jpg]
[html.vecurosoft.com/Jiwan Ram Basherhar Lal Sr. Sec. Public School/demo/assets/img/home-9/blog-img1-h9.jpg]
[html.vecurosoft.com/Jiwan Ram Basherhar Lal Sr. Sec. Public School/demo/assets/img/home-9/blog-img2-h9.jpg]
[html.vecurosoft.com/Jiwan Ram Basherhar Lal Sr. Sec. Public School/demo/assets/img/home-9/blog-img3-h9.jpg]
[html.vecurosoft.com/Jiwan Ram Basherhar Lal Sr. Sec. Public School/demo/assets/img/home-9/brand-img1-h9.png]
[html.vecurosoft.com/Jiwan Ram Basherhar Lal Sr. Sec. Public School/demo/assets/img/home-9/brand-img2-h9.png]
[html.vecurosoft.com/Jiwan Ram Basherhar Lal Sr. Sec. Public School/demo/assets/img/home-9/brand-img3-h9.png]
[html.vecurosoft.com/Jiwan Ram Basherhar Lal Sr. Sec. Public School/demo/assets/img/home-9/brand-img4-h9.png]
[html.vecurosoft.com/Jiwan Ram Basherhar Lal Sr. Sec. Public School/demo/assets/img/home-9/brand-img5-h9.png]
[html.vecurosoft.com/Jiwan Ram Basherhar Lal Sr. Sec. Public School/demo/index-9.html]
[html.vecurosoft.com/Jiwan Ram Basherhar Lal Sr. Sec. Public School/demo/assets/img/bg/breadcrumb-bg-2.jpg]
[html.vecurosoft.com/Jiwan Ram Basherhar Lal Sr. Sec. Public School/demo/about.html]
[html.vecurosoft.com/Jiwan Ram Basherhar Lal Sr. Sec. Public School/demo/assets/img/bg/breadcrumb-bg-3.jpg]
[html.vecurosoft.com/Jiwan Ram Basherhar Lal Sr. Sec. Public School/demo/assets/img/why/why-choose-us-bg.png]
[html.vecurosoft.com/Jiwan Ram Basherhar Lal Sr. Sec. Public School/demo/assets/img/why/why-choose-us-ele1.png]
[html.vecurosoft.com/Jiwan Ram Basherhar Lal Sr. Sec. Public School/demo/assets/img/why/why-choose-us-ele2.png]
[html.vecurosoft.com/Jiwan Ram Basherhar Lal Sr. Sec. Public School/demo/assets/img/icons/why-choose-us-icon-1-1.png]
[html.vecurosoft.com/Jiwan Ram Basherhar Lal Sr. Sec. Public School/demo/assets/img/icons/why-choose-us-icon-1-2.png]
[html.vecurosoft.com/Jiwan Ram Basherhar Lal Sr. Sec. Public School/demo/assets/img/icons/why-choose-us-icon-1-3.png]
[html.vecurosoft.com/Jiwan Ram Basherhar Lal Sr. Sec. Public School/demo/why-choose-us.html]
[html.vecurosoft.com/Jiwan Ram Basherhar Lal Sr. Sec. Public School/demo/assets/img/service/service-details-main.jpg]
[html.vecurosoft.com/Jiwan Ram Basherhar Lal Sr. Sec. Public School/demo/assets/img/service/service-icon-contact.png]
[html.vecurosoft.com/Jiwan Ram Basherhar Lal Sr. Sec. Public School/demo/assets/img/service/sidebar-contact-bg.png]
[html.vecurosoft.com/Jiwan Ram Basherhar Lal Sr. Sec. Public School/demo/assets/img/service/service-details-main-2.jpg]
[html.vecurosoft.com/Jiwan Ram Basherhar Lal Sr. Sec. Public School/demo/assets/img/service/service-icon-main-1.png]
[html.vecurosoft.com/Jiwan Ram Basherhar Lal Sr. Sec. Public School/demo/service-details.html]
[html.vecurosoft.com/Jiwan Ram Basherhar Lal Sr. Sec. Public School/demo/gallery.html]
[html.vecurosoft.com/Jiwan Ram Basherhar Lal Sr. Sec. Public School/demo/assets/img/team/team-1-5.jpg]
[html.vecurosoft.com/Jiwan Ram Basherhar Lal Sr. Sec. Public School/demo/assets/img/team/team-1-6.jpg]
[html.vecurosoft.com/Jiwan Ram Basherhar Lal Sr. Sec. Public School/demo/assets/img/team/team-1-7.jpg]
[html.vecurosoft.com/Jiwan Ram Basherhar Lal Sr. Sec. Public School/demo/assets/img/team/team-1-8.jpg]
[html.vecurosoft.com/Jiwan Ram Basherhar Lal Sr. Sec. Public School/demo/assets/img/team/team-1-9.jpg]
[html.vecurosoft.com/Jiwan Ram Basherhar Lal Sr. Sec. Public School/demo/assets/img/team/team-1-10.jpg]
[html.vecurosoft.com/Jiwan Ram Basherhar Lal Sr. Sec. Public School/demo/assets/img/team/team-1-11.jpg]
[html.vecurosoft.com/Jiwan Ram Basherhar Lal Sr. Sec. Public School/demo/assets/img/team/team-1-12.jpg]
[html.vecurosoft.com/Jiwan Ram Basherhar Lal Sr. Sec. Public School/demo/team.html]
[html.vecurosoft.com/Jiwan Ram Basherhar Lal Sr. Sec. Public School/demo/assets/img/class/class-details-big-image-1.jpg]
[html.vecurosoft.com/Jiwan Ram Basherhar Lal Sr. Sec. Public School/demo/assets/img/team/awards-logo-1.png]
[html.vecurosoft.com/Jiwan Ram Basherhar Lal Sr. Sec. Public School/demo/assets/img/team/awards-logo-2.png]
[html.vecurosoft.com/Jiwan Ram Basherhar Lal Sr. Sec. Public School/demo/assets/img/widget/widget-author-1-1.jpg]
[html.vecurosoft.com/Jiwan Ram Basherhar Lal Sr. Sec. Public School/demo/team-details.html]
[html.vecurosoft.com/Jiwan Ram Basherhar Lal Sr. Sec. Public School/demo/assets/img/time/vs-class-p-1-1.jpg]
[html.vecurosoft.com/Jiwan Ram Basherhar Lal Sr. Sec. Public School/demo/assets/img/time/vs-class-p-1-2.jpg]
[html.vecurosoft.com/Jiwan Ram Basherhar Lal Sr. Sec. Public School/demo/assets/img/time/vs-class-p-1-3.jpg]
[html.vecurosoft.com/Jiwan Ram Basherhar Lal Sr. Sec. Public School/demo/assets/img/time/vs-class-p-1-4.jpg]
[html.vecurosoft.com/Jiwan Ram Basherhar Lal Sr. Sec. Public School/demo/assets/img/time/vs-class-p-1-5.jpg]
[html.vecurosoft.com/Jiwan Ram Basherhar Lal Sr. Sec. Public School/demo/assets/img/time/vs-class-p-1-6.jpg]
[html.vecurosoft.com/Jiwan Ram Basherhar Lal Sr. Sec. Public School/demo/class.html]
[html.vecurosoft.com/Jiwan Ram Basherhar Lal Sr. Sec. Public School/demo/assets/img/class/class-details-big-image-2.jpg]
[html.vecurosoft.com/Jiwan Ram Basherhar Lal Sr. Sec. Public School/demo/assets/img/class/class-details-sidebar-1-1.jpg]
[html.vecurosoft.com/Jiwan Ram Basherhar Lal Sr. Sec. Public School/demo/assets/img/class/class-details-sidebar-1-2.jpg]
[html.vecurosoft.com/Jiwan Ram Basherhar Lal Sr. Sec. Public School/demo/assets/img/class/class-details-sidebar-1-3.jpg]
[html.vecurosoft.com/Jiwan Ram Basherhar Lal Sr. Sec. Public School/demo/class-details.html]
[html.vecurosoft.com/Jiwan Ram Basherhar Lal Sr. Sec. Public School/demo/assets/img/bg/breadcrumb-bg-1.jpg]
[html.vecurosoft.com/Jiwan Ram Basherhar Lal Sr. Sec. Public School/demo/assets/img/blog/vs-blog-b1-1.jpg]
[html.vecurosoft.com/Jiwan Ram Basherhar Lal Sr. Sec. Public School/demo/assets/img/blog/vs-blog-b1-2.jpg]
[html.vecurosoft.com/Jiwan Ram Basherhar Lal Sr. Sec. Public School/demo/assets/img/blog/vs-blog-b1-3.jpg]
[html.vecurosoft.com/Jiwan Ram Basherhar Lal Sr. Sec. Public School/demo/assets/img/blog/blog-rcp-1-1.jpg]
[html.vecurosoft.com/Jiwan Ram Basherhar Lal Sr. Sec. Public School/demo/assets/img/blog/blog-rcp-1-2.jpg]
[html.vecurosoft.com/Jiwan Ram Basherhar Lal Sr. Sec. Public School/demo/assets/img/blog/blog-sidebar-bg.png]
[html.vecurosoft.com/Jiwan Ram Basherhar Lal Sr. Sec. Public School/demo/blog.html]
[html.vecurosoft.com/Jiwan Ram Basherhar Lal Sr. Sec. Public School/demo/assets/img/blog/blog-d-1-1.jpg]
[html.vecurosoft.com/Jiwan Ram Basherhar Lal Sr. Sec. Public School/demo/assets/img/blog/blog-d-1-2.jpg]
[html.vecurosoft.com/Jiwan Ram Basherhar Lal Sr. Sec. Public School/demo/assets/img/blog/blog-author.png]
[html.vecurosoft.com/Jiwan Ram Basherhar Lal Sr. Sec. Public School/demo/assets/img/blog/comment-author-1.png]
[html.vecurosoft.com/Jiwan Ram Basherhar Lal Sr. Sec. Public School/demo/assets/img/blog/comment-author-2.png]
[html.vecurosoft.com/Jiwan Ram Basherhar Lal Sr. Sec. Public School/demo/assets/img/blog/comment-author-3.png]
[html.vecurosoft.com/Jiwan Ram Basherhar Lal Sr. Sec. Public School/demo/blog-details.html]
[html.vecurosoft.com/Jiwan Ram Basherhar Lal Sr. Sec. Public School/demo/assets/img/elements/events-page-ele1.png]
[html.vecurosoft.com/Jiwan Ram Basherhar Lal Sr. Sec. Public School/demo/assets/img/elements/events-page-ele2.png]
[html.vecurosoft.com/Jiwan Ram Basherhar Lal Sr. Sec. Public School/demo/assets/img/events/event-1-1.jpg]
[html.vecurosoft.com/Jiwan Ram Basherhar Lal Sr. Sec. Public School/demo/assets/img/events/event-user-1-1.jpg]
[html.vecurosoft.com/Jiwan Ram Basherhar Lal Sr. Sec. Public School/demo/assets/img/events/event-1-2.jpg]
[html.vecurosoft.com/Jiwan Ram Basherhar Lal Sr. Sec. Public School/demo/assets/img/events/event-1-3.jpg]
[html.vecurosoft.com/Jiwan Ram Basherhar Lal Sr. Sec. Public School/demo/assets/img/events/event-user-1-2.jpg]
[html.vecurosoft.com/Jiwan Ram Basherhar Lal Sr. Sec. Public School/demo/assets/img/events/event-1-4.jpg]
[html.vecurosoft.com/Jiwan Ram Basherhar Lal Sr. Sec. Public School/demo/assets/img/events/event-user-1-3.jpg]
[html.vecurosoft.com/Jiwan Ram Basherhar Lal Sr. Sec. Public School/demo/events.html]
[html.vecurosoft.com/Jiwan Ram Basherhar Lal Sr. Sec. Public School/demo/assets/img/events/event-user-d-1-1.jpg]
[html.vecurosoft.com/Jiwan Ram Basherhar Lal Sr. Sec. Public School/demo/assets/img/events/event-user-d-1-2.jpg]
[html.vecurosoft.com/Jiwan Ram Basherhar Lal Sr. Sec. Public School/demo/event-details.html]
[html.vecurosoft.com/Jiwan Ram Basherhar Lal Sr. Sec. Public School/demo/registration.html]
[html.vecurosoft.com/Jiwan Ram Basherhar Lal Sr. Sec. Public School/demo/assets/img/shop/shop-sidebar-banner-bg.png]
[html.vecurosoft.com/Jiwan Ram Basherhar Lal Sr. Sec. Public School/demo/assets/img/shop/shop-sidebar-banner-1.png]
[html.vecurosoft.com/Jiwan Ram Basherhar Lal Sr. Sec. Public School/demo/assets/img/shop/shop-1-1.png]
[html.vecurosoft.com/Jiwan Ram Basherhar Lal Sr. Sec. Public School/demo/assets/img/shop/shop-1-2.png]
[html.vecurosoft.com/Jiwan Ram Basherhar Lal Sr. Sec. Public School/demo/assets/img/shop/shop-1-3.png]
[html.vecurosoft.com/Jiwan Ram Basherhar Lal Sr. Sec. Public School/demo/assets/img/shop/shop-1-4.png]
[html.vecurosoft.com/Jiwan Ram Basherhar Lal Sr. Sec. Public School/demo/assets/img/shop/shop-1-5.png]
[html.vecurosoft.com/Jiwan Ram Basherhar Lal Sr. Sec. Public School/demo/assets/img/shop/shop-1-6.png]
[html.vecurosoft.com/Jiwan Ram Basherhar Lal Sr. Sec. Public School/demo/assets/img/shop/shop-1-7.png]
[html.vecurosoft.com/Jiwan Ram Basherhar Lal Sr. Sec. Public School/demo/assets/img/shop/shop-1-8.png]
[html.vecurosoft.com/Jiwan Ram Basherhar Lal Sr. Sec. Public School/demo/assets/img/shop/shop-1-9.png]
[html.vecurosoft.com/Jiwan Ram Basherhar Lal Sr. Sec. Public School/demo/shop.html]
[html.vecurosoft.com/Jiwan Ram Basherhar Lal Sr. Sec. Public School/demo/assets/img/shop/shop-details-big-thumb-1.png]
[html.vecurosoft.com/Jiwan Ram Basherhar Lal Sr. Sec. Public School/demo/assets/img/shop/shop-details-big-thumb-2.png]
[html.vecurosoft.com/Jiwan Ram Basherhar Lal Sr. Sec. Public School/demo/assets/img/shop/shop-details-big-thumb-3.png]
[html.vecurosoft.com/Jiwan Ram Basherhar Lal Sr. Sec. Public School/demo/assets/img/shop/shop-details-samll-thumb-1.png]
[html.vecurosoft.com/Jiwan Ram Basherhar Lal Sr. Sec. Public School/demo/assets/img/shop/shop-details-samll-thumb-2.png]
[html.vecurosoft.com/Jiwan Ram Basherhar Lal Sr. Sec. Public School/demo/assets/img/shop/shop-details-samll-thumb-3.png]
[html.vecurosoft.com/Jiwan Ram Basherhar Lal Sr. Sec. Public School/demo/assets/img/shop/reviewer-1.jpg]
[html.vecurosoft.com/Jiwan Ram Basherhar Lal Sr. Sec. Public School/demo/shop-details.html]
[html.vecurosoft.com/Jiwan Ram Basherhar Lal Sr. Sec. Public School/demo/auth.html]
[html.vecurosoft.com/Jiwan Ram Basherhar Lal Sr. Sec. Public School/demo/myaccount.html]
[html.vecurosoft.com/Jiwan Ram Basherhar Lal Sr. Sec. Public School/demo/cart.html]
[html.vecurosoft.com/Jiwan Ram Basherhar Lal Sr. Sec. Public School/demo/assets/img/shop/credit-payment.png]
[html.vecurosoft.com/Jiwan Ram Basherhar Lal Sr. Sec. Public School/demo/checkout.html]
[html.vecurosoft.com/Jiwan Ram Basherhar Lal Sr. Sec. Public School/demo/wishlist.html]
[html.vecurosoft.com/Jiwan Ram Basherhar Lal Sr. Sec. Public School/demo/coming-soon.html]
[html.vecurosoft.com/Jiwan Ram Basherhar Lal Sr. Sec. Public School/demo/contact.html]
[html.vecurosoft.com/Jiwan Ram Basherhar Lal Sr. Sec. Public School/demo/assets/img/404/error-image-1.png]
[html.vecurosoft.com/Jiwan Ram Basherhar Lal Sr. Sec. Public School/demo/404.html]
[html.vecurosoft.com/Jiwan Ram Basherhar Lal Sr. Sec. Public School/demo/shop-right-sidebar.html]
[html.vecurosoft.com/Jiwan Ram Basherhar Lal Sr. Sec. Public School/demo/shop-full.html]
[html.vecurosoft.com/Jiwan Ram Basherhar Lal Sr. Sec. Public School/demo/shop-nft.html]
[html.vecurosoft.com/Jiwan Ram Basherhar Lal Sr. Sec. Public School/demo/assets/img/photos.jpeg]
[html.vecurosoft.com/Jiwan Ram Basherhar Lal Sr. Sec. Public School/demo/assets/img/hero/h1-ele-1-1.svg]
[html.vecurosoft.com/Jiwan Ram Basherhar Lal Sr. Sec. Public School/demo/assets/img/hero/hero-shape-1.svg]
[html.vecurosoft.com/Jiwan Ram Basherhar Lal Sr. Sec. Public School/demo/assets/img/icons/hero-star-icon.svg]
[html.vecurosoft.com/Jiwan Ram Basherhar Lal Sr. Sec. Public School/demo/assets/img/elements/service-ele-1.svg]
[html.vecurosoft.com/Jiwan Ram Basherhar Lal Sr. Sec. Public School/demo/assets/img/elements/service-ele-2.svg]
[html.vecurosoft.com/Jiwan Ram Basherhar Lal Sr. Sec. Public School/demo/assets/img/icons/service-icon-1-1.svg]
[html.vecurosoft.com/Jiwan Ram Basherhar Lal Sr. Sec. Public School/demo/assets/img/icons/service-icon-1-2.svg]
[html.vecurosoft.com/Jiwan Ram Basherhar Lal Sr. Sec. Public School/demo/assets/img/icons/service-icon-1-3.svg]
[html.vecurosoft.com/Jiwan Ram Basherhar Lal Sr. Sec. Public School/demo/assets/img/about/vs-about-h1-ele-1.svg]
[html.vecurosoft.com/Jiwan Ram Basherhar Lal Sr. Sec. Public School/demo/assets/img/about/vs-about-h1-ele-2.svg]
[html.vecurosoft.com/Jiwan Ram Basherhar Lal Sr. Sec. Public School/demo/assets/img/icons/session-icon-h1-1-1.svg]
[html.vecurosoft.com/Jiwan Ram Basherhar Lal Sr. Sec. Public School/demo/assets/img/icons/session-icon-h1-1-2.svg]
[html.vecurosoft.com/Jiwan Ram Basherhar Lal Sr. Sec. Public School/demo/assets/img/icons/session-icon-h1-1-3.svg]
[html.vecurosoft.com/Jiwan Ram Basherhar Lal Sr. Sec. Public School/demo/assets/img/icons/session-icon-h1-1-4.svg]
[html.vecurosoft.com/Jiwan Ram Basherhar Lal Sr. Sec. Public School/demo/assets/img/icons/h1-class-icon-1.svg]
[html.vecurosoft.com/Jiwan Ram Basherhar Lal Sr. Sec. Public School/demo/assets/img/icons/h1-class-icon-2.svg]
[html.vecurosoft.com/Jiwan Ram Basherhar Lal Sr. Sec. Public School/demo/assets/img/icons/h1-class-icon-3.svg]
[html.vecurosoft.com/Jiwan Ram Basherhar Lal Sr. Sec. Public School/demo/assets/img/icons/h1-class-icon-4.svg]
[html.vecurosoft.com/Jiwan Ram Basherhar Lal Sr. Sec. Public School/demo/assets/img/elements/sec-divider-ele1.svg]
[html.vecurosoft.com/Jiwan Ram Basherhar Lal Sr. Sec. Public School/demo/assets/img/icons/svg-quote-icon.svg]
[html.vecurosoft.com/Jiwan Ram Basherhar Lal Sr. Sec. Public School/demo/ht.html]
[html.vecurosoft.com/Jiwan Ram Basherhar Lal Sr. Sec. Public School/demo/assets/img/logo-version-2.svg]
[html.vecurosoft.com/Jiwan Ram Basherhar Lal Sr. Sec. Public School/demo/assets/fonts/fa-brands-400.html]
[html.vecurosoft.com/Jiwan Ram Basherhar Lal Sr. Sec. Public School/demo/assets/fonts/fa-duotone-900.html]
[html.vecurosoft.com/Jiwan Ram Basherhar Lal Sr. Sec. Public School/demo/assets/fonts/fa-light-300.html]
[html.vecurosoft.com/Jiwan Ram Basherhar Lal Sr. Sec. Public School/demo/assets/fonts/fa-regular-400.html]
[html.vecurosoft.com/Jiwan Ram Basherhar Lal Sr. Sec. Public School/demo/assets/fonts/fa-solid-900.html]
[html.vecurosoft.com/Jiwan Ram Basherhar Lal Sr. Sec. Public School/demo/assets/fonts/fa-thin-100.html]
[html.vecurosoft.com/Jiwan Ram Basherhar Lal Sr. Sec. Public School/demo/assets/fonts/fa-v4compatibility.html]
[html.vecurosoft.com/Jiwan Ram Basherhar Lal Sr. Sec. Public School/demo/assets/img/home-4/ellipse-about2-h4.svg]
[html.vecurosoft.com/Jiwan Ram Basherhar Lal Sr. Sec. Public School/demo/assets/img/icons/hero-star-icon-white.svg]
[html.vecurosoft.com/Jiwan Ram Basherhar Lal Sr. Sec. Public School/demo/assets/img/icons/feature-icon-h2-1.svg]
[html.vecurosoft.com/Jiwan Ram Basherhar Lal Sr. Sec. Public School/demo/assets/img/icons/feature-icon-h2-2.svg]
[html.vecurosoft.com/Jiwan Ram Basherhar Lal Sr. Sec. Public School/demo/assets/img/icons/feature-icon-h2-3.svg]
[html.vecurosoft.com/Jiwan Ram Basherhar Lal Sr. Sec. Public School/demo/assets/img/rooms/ex-icon.svg]
[html.vecurosoft.com/Jiwan Ram Basherhar Lal Sr. Sec. Public School/demo/assets/img/rooms/room-icon-h2-1.svg]
[html.vecurosoft.com/Jiwan Ram Basherhar Lal Sr. Sec. Public School/demo/assets/img/rooms/room-icon-h2-2.svg]
[html.vecurosoft.com/Jiwan Ram Basherhar Lal Sr. Sec. Public School/demo/assets/img/rooms/room-icon-h2-3.svg]
[html.vecurosoft.com/Jiwan Ram Basherhar Lal Sr. Sec. Public School/demo/assets/img/rooms/room-icon-h2-4.svg]
[html.vecurosoft.com/Jiwan Ram Basherhar Lal Sr. Sec. Public School/demo/assets/img/elements/class-ele-h3-1.svg]
[html.vecurosoft.com/Jiwan Ram Basherhar Lal Sr. Sec. Public School/demo/assets/img/icons/vs-feature-icon-3-1.svg]
[html.vecurosoft.com/Jiwan Ram Basherhar Lal Sr. Sec. Public School/demo/assets/img/icons/vs-feature-icon-3-2.svg]
[html.vecurosoft.com/Jiwan Ram Basherhar Lal Sr. Sec. Public School/demo/assets/img/icons/vs-feature-icon-3-3.svg]
[html.vecurosoft.com/Jiwan Ram Basherhar Lal Sr. Sec. Public School/demo/assets/img/icons/vs-feature-icon-3-4.svg]
[html.vecurosoft.com/Jiwan Ram Basherhar Lal Sr. Sec. Public School/demo/assets/img/home-4/vs-about2-h4-shape.svg]
[html.vecurosoft.com/Jiwan Ram Basherhar Lal Sr. Sec. Public School/demo/assets/img/home-4/activity-icon-1.svg]
[html.vecurosoft.com/Jiwan Ram Basherhar Lal Sr. Sec. Public School/demo/assets/img/home-4/activity-hover-1.svg]
[html.vecurosoft.com/Jiwan Ram Basherhar Lal Sr. Sec. Public School/demo/assets/img/home-4/activity-icon-2.svg]
[html.vecurosoft.com/Jiwan Ram Basherhar Lal Sr. Sec. Public School/demo/assets/img/home-4/activity-hover-2.svg]
[html.vecurosoft.com/Jiwan Ram Basherhar Lal Sr. Sec. Public School/demo/assets/img/home-4/activity-icon-3.svg]
[html.vecurosoft.com/Jiwan Ram Basherhar Lal Sr. Sec. Public School/demo/assets/img/home-4/activity-hover-3.svg]
[html.vecurosoft.com/Jiwan Ram Basherhar Lal Sr. Sec. Public School/demo/assets/img/home-4/activity-icon-4.svg]
[html.vecurosoft.com/Jiwan Ram Basherhar Lal Sr. Sec. Public School/demo/assets/img/home-4/activity-hover-4.svg]
[html.vecurosoft.com/Jiwan Ram Basherhar Lal Sr. Sec. Public School/demo/assets/img/home-4/activity-icon-5.svg]
[html.vecurosoft.com/Jiwan Ram Basherhar Lal Sr. Sec. Public School/demo/assets/img/home-4/activity-hover-5.svg]
[html.vecurosoft.com/Jiwan Ram Basherhar Lal Sr. Sec. Public School/demo/assets/img/home-4/activity-icon-6.svg]
[html.vecurosoft.com/Jiwan Ram Basherhar Lal Sr. Sec. Public School/demo/assets/img/home-4/activity-hover-6.svg]
[html.vecurosoft.com/Jiwan Ram Basherhar Lal Sr. Sec. Public School/demo/assets/img/home-5/hero-ele1-icon-h5.svg]
[html.vecurosoft.com/Jiwan Ram Basherhar Lal Sr. Sec. Public School/demo/assets/img/home-5/hero-ele2-icon-h5.svg]
[html.vecurosoft.com/Jiwan Ram Basherhar Lal Sr. Sec. Public School/demo/assets/img/home-5/hero-ele3-icon-h5.svg]
[html.vecurosoft.com/Jiwan Ram Basherhar Lal Sr. Sec. Public School/demo/assets/img/home-5/about-ele1-icon-h5.svg]
[html.vecurosoft.com/Jiwan Ram Basherhar Lal Sr. Sec. Public School/demo/assets/img/home-5/about-ele2-icon-h5.svg]
[html.vecurosoft.com/Jiwan Ram Basherhar Lal Sr. Sec. Public School/demo/assets/img/home-6/banner-shape.svg]
[html.vecurosoft.com/Jiwan Ram Basherhar Lal Sr. Sec. Public School/demo/assets/img/home-6/hero-border.svg]
[html.vecurosoft.com/Jiwan Ram Basherhar Lal Sr. Sec. Public School/demo/assets/img/home-7/hero-banner-ele1-h7.svg]
[html.vecurosoft.com/Jiwan Ram Basherhar Lal Sr. Sec. Public School/demo/assets/img/home-7/hero-banner-ele2-h7.svg]
[html.vecurosoft.com/Jiwan Ram Basherhar Lal Sr. Sec. Public School/demo/assets/img/home-7/feature-ele1-h7.svg]
[html.vecurosoft.com/Jiwan Ram Basherhar Lal Sr. Sec. Public School/demo/call-+1333456888.html]
[html.vecurosoft.com/Jiwan Ram Basherhar Lal Sr. Sec. Public School/demo/assets/img/home-9/menu-active-icon.svg]
[html.vecurosoft.com/Jiwan Ram Basherhar Lal Sr. Sec. Public School/demo/assets/img/elements/vs-blog-ele1.svg]
[html.vecurosoft.com/Jiwan Ram Basherhar Lal Sr. Sec. Public School/demo/assets/img/icons/widget-icon-1.svg]
[html.vecurosoft.com/Jiwan Ram Basherhar Lal Sr. Sec. Public School/demo/assets/img/icons/widget-icon-2.svg]
[html.vecurosoft.com/Jiwan Ram Basherhar Lal Sr. Sec. Public School/demo/product-details.html]
[html.vecurosoft.com/Jiwan Ram Basherhar Lal Sr. Sec. Public School/demo/assets/img/elements/divider-contact.svg]
